<?xml version="1.0" encoding="UTF-8"?>
<!-- Generated by org.testng.reporters.JUnitXMLReporter -->
<testsuite hostname="MARWAN" name="SanityTests" tests="6" failures="0" timestamp="7 Jun 2017 14:05:09 GMT" time="0.083" errors="0">
  <testcase name="deleteCurrency" time="0.008" classname="Sample.Class2"/>
  <testcase name="deleteProduct" time="0.004" classname="Sample.Class2"/>
  <testcase name="deleteVendor" time="0.002" classname="Sample.Class2"/>
  <testcase name="addCurrency" time="0.002" classname="Sample.Class1"/>
  <testcase name="addProduct" time="0.005" classname="Sample.Class1"/>
  <testcase name="addVendor" time="0.005" classname="Sample.Class1"/>
</testsuite> <!-- SanityTests -->
