<?xml version="1.0" encoding="UTF-8"?>
<!-- Generated by org.testng.reporters.JUnitXMLReporter -->
<testsuite hostname="MARWAN" name="Test" tests="8" failures="0" timestamp="7 Jun 2017 15:38:19 GMT" time="0.122" errors="0">
  <testcase name="testcase1" time="0.025" classname="Sample.Class4"/>
  <testcase name="testcase5" time="0.012" classname="Sample.Class5"/>
  <testcase name="testcase2" time="0.006" classname="Sample.Class4"/>
  <testcase name="testcase3" time="0.005" classname="Sample.Class4"/>
  <testcase name="testcase4" time="0.003" classname="Sample.Class4"/>
  <testcase name="testcase6" time="0.017" classname="Sample.Class5"/>
  <testcase name="testcase7" time="0.004" classname="Sample.Class5"/>
  <testcase name="testcase8" time="0.004" classname="Sample.Class5"/>
</testsuite> <!-- Test -->
